<?xml version="1.0" encoding="UTF-8"?>
<!-- Generated by org.testng.reporters.JUnitReportReporter -->
<testsuite skipped="0" hostname="Tirumal-PC" name="com.mobius.pagetest.AboutRummy" tests="1" failures="0" timestamp="03 Jul 2021 13:53:34 GMT" time="6.039" errors="0">
  <testcase name="Aboutrummyclick" time="6.039" classname="com.mobius.pagetest.AboutRummy"/>
</testsuite> <!-- com.mobius.pagetest.AboutRummy -->
